C51 COMPILER V9.59.0.0   MAIN                                                              11/10/2021 23:36:41 PAGE 1   


C51 COMPILER V9.59.0.0, COMPILATION OF MODULE MAIN
OBJECT MODULE PLACED IN main.OBJ
COMPILER INVOKED BY: C:\Keil_v5\C51\BIN\C51.EXE main.c OPTIMIZE(8,SPEED) BROWSE DEBUG OBJECTEXTEND TABS(2)

line level    source

*** WARNING C500 IN LINE 1 OF main.c: SERIAL NUMBER EXPIRED
   1          #include <REGX51.H>    
   2          #include "LCD.C"
   3          #include "RFID.C"
   4          void main()
   5          {
   6   1        lcd_init(); 
   7   1        init_UART();
   8   1        lcd_cmd(0x01);  lcd_cmd(0x80);
   9   1        lcd_string("---RFID Based---");
  10   1        lcd_cmd(0xc0);
  11   1        lcd_string("Attendance systm"); 
  12   1        delay(200);
  13   1        lcd_cmd(0x01);
  14   1        lcd_string("---Using 8051---");
  15   1        delay(200);
  16   1        lcd_cmd(0x01);
  17   1        while_rfid_loop();
  18   1      }
  19          //****************************************


MODULE INFORMATION:   STATIC OVERLAYABLE
   CODE SIZE        =    827    ----
   CONSTANT SIZE    =    192    ----
   XDATA SIZE       =   ----    ----
   PDATA SIZE       =   ----    ----
   DATA SIZE        =     23      26
   IDATA SIZE       =   ----    ----
   BIT SIZE         =   ----    ----
END OF MODULE INFORMATION.


C51 COMPILATION COMPLETE.  1 WARNING(S),  0 ERROR(S)
